[1.460s] Invoking command in '/mnt/d/rokur/Documents/ITESM/6to/Robotica_Inteligente/Autonomous-Robot/puzzlebot_ws/src/puzzlebot': PYTHONPATH=/mnt/d/rokur/Documents/ITESM/6to/Robotica_Inteligente/Autonomous-Robot/puzzlebot_ws/build/puzzlebot/prefix_override:/mnt/d/rokur/Documents/ITESM/6to/Robotica_Inteligente/Autonomous-Robot/puzzlebot_ws/install/puzzlebot/lib/python3.10/site-packages:${PYTHONPATH} /usr/bin/python3 -W ignore:setup.py install is deprecated setup.py egg_info --egg-base ../../build/puzzlebot build --build-base /mnt/d/rokur/Documents/ITESM/6to/Robotica_Inteligente/Autonomous-Robot/puzzlebot_ws/build/puzzlebot/build install --record /mnt/d/rokur/Documents/ITESM/6to/Robotica_Inteligente/Autonomous-Robot/puzzlebot_ws/build/puzzlebot/install.log --single-version-externally-managed install_data
[2.290s] running egg_info
[2.295s] creating ../../build/puzzlebot/puzzlebot.egg-info
[2.299s] writing ../../build/puzzlebot/puzzlebot.egg-info/PKG-INFO
[2.312s] writing dependency_links to ../../build/puzzlebot/puzzlebot.egg-info/dependency_links.txt
[2.324s] writing entry points to ../../build/puzzlebot/puzzlebot.egg-info/entry_points.txt
[2.330s] writing requirements to ../../build/puzzlebot/puzzlebot.egg-info/requires.txt
[2.335s] writing top-level names to ../../build/puzzlebot/puzzlebot.egg-info/top_level.txt
[2.344s] writing manifest file '../../build/puzzlebot/puzzlebot.egg-info/SOURCES.txt'
[2.381s] reading manifest file '../../build/puzzlebot/puzzlebot.egg-info/SOURCES.txt'
[2.420s] adding license file 'LICENSE'
[2.446s] writing manifest file '../../build/puzzlebot/puzzlebot.egg-info/SOURCES.txt'
[2.450s] running build
[2.452s] running build_py
[2.457s] creating /mnt/d/rokur/Documents/ITESM/6to/Robotica_Inteligente/Autonomous-Robot/puzzlebot_ws/build/puzzlebot/build
[2.459s] creating /mnt/d/rokur/Documents/ITESM/6to/Robotica_Inteligente/Autonomous-Robot/puzzlebot_ws/build/puzzlebot/build/lib
[2.463s] creating /mnt/d/rokur/Documents/ITESM/6to/Robotica_Inteligente/Autonomous-Robot/puzzlebot_ws/build/puzzlebot/build/lib/puzzlebot
[2.473s] copying puzzlebot/camera_segmentation_node.py -> /mnt/d/rokur/Documents/ITESM/6to/Robotica_Inteligente/Autonomous-Robot/puzzlebot_ws/build/puzzlebot/build/lib/puzzlebot
[2.495s] copying puzzlebot/__init__.py -> /mnt/d/rokur/Documents/ITESM/6to/Robotica_Inteligente/Autonomous-Robot/puzzlebot_ws/build/puzzlebot/build/lib/puzzlebot
[2.510s] running install
[2.511s] running install_lib
[2.543s] creating /mnt/d/rokur/Documents/ITESM/6to/Robotica_Inteligente/Autonomous-Robot/puzzlebot_ws/install/puzzlebot/lib/python3.10/site-packages/puzzlebot
[2.564s] copying /mnt/d/rokur/Documents/ITESM/6to/Robotica_Inteligente/Autonomous-Robot/puzzlebot_ws/build/puzzlebot/build/lib/puzzlebot/camera_segmentation_node.py -> /mnt/d/rokur/Documents/ITESM/6to/Robotica_Inteligente/Autonomous-Robot/puzzlebot_ws/install/puzzlebot/lib/python3.10/site-packages/puzzlebot
[2.599s] copying /mnt/d/rokur/Documents/ITESM/6to/Robotica_Inteligente/Autonomous-Robot/puzzlebot_ws/build/puzzlebot/build/lib/puzzlebot/__init__.py -> /mnt/d/rokur/Documents/ITESM/6to/Robotica_Inteligente/Autonomous-Robot/puzzlebot_ws/install/puzzlebot/lib/python3.10/site-packages/puzzlebot
[2.636s] byte-compiling /mnt/d/rokur/Documents/ITESM/6to/Robotica_Inteligente/Autonomous-Robot/puzzlebot_ws/install/puzzlebot/lib/python3.10/site-packages/puzzlebot/camera_segmentation_node.py to camera_segmentation_node.cpython-310.pyc
[2.681s] byte-compiling /mnt/d/rokur/Documents/ITESM/6to/Robotica_Inteligente/Autonomous-Robot/puzzlebot_ws/install/puzzlebot/lib/python3.10/site-packages/puzzlebot/__init__.py to __init__.cpython-310.pyc
[2.713s] running install_data
[2.723s] creating /mnt/d/rokur/Documents/ITESM/6to/Robotica_Inteligente/Autonomous-Robot/puzzlebot_ws/install/puzzlebot/share/ament_index
[2.727s] creating /mnt/d/rokur/Documents/ITESM/6to/Robotica_Inteligente/Autonomous-Robot/puzzlebot_ws/install/puzzlebot/share/ament_index/resource_index
[2.730s] creating /mnt/d/rokur/Documents/ITESM/6to/Robotica_Inteligente/Autonomous-Robot/puzzlebot_ws/install/puzzlebot/share/ament_index/resource_index/packages
[2.744s] copying resource/puzzlebot -> /mnt/d/rokur/Documents/ITESM/6to/Robotica_Inteligente/Autonomous-Robot/puzzlebot_ws/install/puzzlebot/share/ament_index/resource_index/packages
[2.770s] copying package.xml -> /mnt/d/rokur/Documents/ITESM/6to/Robotica_Inteligente/Autonomous-Robot/puzzlebot_ws/install/puzzlebot/share/puzzlebot
[2.788s] running install_egg_info
[2.809s] Copying ../../build/puzzlebot/puzzlebot.egg-info to /mnt/d/rokur/Documents/ITESM/6to/Robotica_Inteligente/Autonomous-Robot/puzzlebot_ws/install/puzzlebot/lib/python3.10/site-packages/puzzlebot-0.0.0-py3.10.egg-info
[3.101s] running install_scripts
[3.194s] Installing camera_segmentation_node script to /mnt/d/rokur/Documents/ITESM/6to/Robotica_Inteligente/Autonomous-Robot/puzzlebot_ws/install/puzzlebot/lib/puzzlebot
[3.209s] writing list of installed files to '/mnt/d/rokur/Documents/ITESM/6to/Robotica_Inteligente/Autonomous-Robot/puzzlebot_ws/build/puzzlebot/install.log'
[3.248s] Invoked command in '/mnt/d/rokur/Documents/ITESM/6to/Robotica_Inteligente/Autonomous-Robot/puzzlebot_ws/src/puzzlebot' returned '0': PYTHONPATH=/mnt/d/rokur/Documents/ITESM/6to/Robotica_Inteligente/Autonomous-Robot/puzzlebot_ws/build/puzzlebot/prefix_override:/mnt/d/rokur/Documents/ITESM/6to/Robotica_Inteligente/Autonomous-Robot/puzzlebot_ws/install/puzzlebot/lib/python3.10/site-packages:${PYTHONPATH} /usr/bin/python3 -W ignore:setup.py install is deprecated setup.py egg_info --egg-base ../../build/puzzlebot build --build-base /mnt/d/rokur/Documents/ITESM/6to/Robotica_Inteligente/Autonomous-Robot/puzzlebot_ws/build/puzzlebot/build install --record /mnt/d/rokur/Documents/ITESM/6to/Robotica_Inteligente/Autonomous-Robot/puzzlebot_ws/build/puzzlebot/install.log --single-version-externally-managed install_data
