running egg_info
writing ../../build/puzzlebot/puzzlebot.egg-info/PKG-INFO
writing dependency_links to ../../build/puzzlebot/puzzlebot.egg-info/dependency_links.txt
writing entry points to ../../build/puzzlebot/puzzlebot.egg-info/entry_points.txt
writing requirements to ../../build/puzzlebot/puzzlebot.egg-info/requires.txt
writing top-level names to ../../build/puzzlebot/puzzlebot.egg-info/top_level.txt
reading manifest file '../../build/puzzlebot/puzzlebot.egg-info/SOURCES.txt'
adding license file 'LICENSE'
writing manifest file '../../build/puzzlebot/puzzlebot.egg-info/SOURCES.txt'
running build
running build_py
copying puzzlebot/camera_segmentation_node.py -> /mnt/d/rokur/Documents/ITESM/6to/Robotica_Inteligente/Autonomous-Robot/puzzlebot_ws/build/puzzlebot/build/lib/puzzlebot
creating /mnt/d/rokur/Documents/ITESM/6to/Robotica_Inteligente/Autonomous-Robot/puzzlebot_ws/build/puzzlebot/build/lib/puzzlebot/submodules
copying puzzlebot/submodules/camera_utils.py -> /mnt/d/rokur/Documents/ITESM/6to/Robotica_Inteligente/Autonomous-Robot/puzzlebot_ws/build/puzzlebot/build/lib/puzzlebot/submodules
copying puzzlebot/submodules/__init__.py -> /mnt/d/rokur/Documents/ITESM/6to/Robotica_Inteligente/Autonomous-Robot/puzzlebot_ws/build/puzzlebot/build/lib/puzzlebot/submodules
running install
running install_lib
copying /mnt/d/rokur/Documents/ITESM/6to/Robotica_Inteligente/Autonomous-Robot/puzzlebot_ws/build/puzzlebot/build/lib/puzzlebot/camera_segmentation_node.py -> /mnt/d/rokur/Documents/ITESM/6to/Robotica_Inteligente/Autonomous-Robot/puzzlebot_ws/install/puzzlebot/lib/python3.10/site-packages/puzzlebot
creating /mnt/d/rokur/Documents/ITESM/6to/Robotica_Inteligente/Autonomous-Robot/puzzlebot_ws/install/puzzlebot/lib/python3.10/site-packages/puzzlebot/submodules
copying /mnt/d/rokur/Documents/ITESM/6to/Robotica_Inteligente/Autonomous-Robot/puzzlebot_ws/build/puzzlebot/build/lib/puzzlebot/submodules/camera_utils.py -> /mnt/d/rokur/Documents/ITESM/6to/Robotica_Inteligente/Autonomous-Robot/puzzlebot_ws/install/puzzlebot/lib/python3.10/site-packages/puzzlebot/submodules
copying /mnt/d/rokur/Documents/ITESM/6to/Robotica_Inteligente/Autonomous-Robot/puzzlebot_ws/build/puzzlebot/build/lib/puzzlebot/submodules/__init__.py -> /mnt/d/rokur/Documents/ITESM/6to/Robotica_Inteligente/Autonomous-Robot/puzzlebot_ws/install/puzzlebot/lib/python3.10/site-packages/puzzlebot/submodules
byte-compiling /mnt/d/rokur/Documents/ITESM/6to/Robotica_Inteligente/Autonomous-Robot/puzzlebot_ws/install/puzzlebot/lib/python3.10/site-packages/puzzlebot/camera_segmentation_node.py to camera_segmentation_node.cpython-310.pyc
byte-compiling /mnt/d/rokur/Documents/ITESM/6to/Robotica_Inteligente/Autonomous-Robot/puzzlebot_ws/install/puzzlebot/lib/python3.10/site-packages/puzzlebot/submodules/camera_utils.py to camera_utils.cpython-310.pyc
byte-compiling /mnt/d/rokur/Documents/ITESM/6to/Robotica_Inteligente/Autonomous-Robot/puzzlebot_ws/install/puzzlebot/lib/python3.10/site-packages/puzzlebot/submodules/__init__.py to __init__.cpython-310.pyc
running install_data
running install_egg_info
removing '/mnt/d/rokur/Documents/ITESM/6to/Robotica_Inteligente/Autonomous-Robot/puzzlebot_ws/install/puzzlebot/lib/python3.10/site-packages/puzzlebot-0.0.0-py3.10.egg-info' (and everything under it)
Copying ../../build/puzzlebot/puzzlebot.egg-info to /mnt/d/rokur/Documents/ITESM/6to/Robotica_Inteligente/Autonomous-Robot/puzzlebot_ws/install/puzzlebot/lib/python3.10/site-packages/puzzlebot-0.0.0-py3.10.egg-info
running install_scripts
Installing camera_segmentation_node script to /mnt/d/rokur/Documents/ITESM/6to/Robotica_Inteligente/Autonomous-Robot/puzzlebot_ws/install/puzzlebot/lib/puzzlebot
writing list of installed files to '/mnt/d/rokur/Documents/ITESM/6to/Robotica_Inteligente/Autonomous-Robot/puzzlebot_ws/build/puzzlebot/install.log'
