[1.704s] Invoking command in '/mnt/d/rokur/Documents/ITESM/6to/Robotica_Inteligente/Autonomous-Robot/puzzlebot_ws/src/puzzlebot': PYTHONPATH=/mnt/d/rokur/Documents/ITESM/6to/Robotica_Inteligente/Autonomous-Robot/puzzlebot_ws/build/puzzlebot/prefix_override:/mnt/d/rokur/Documents/ITESM/6to/Robotica_Inteligente/Autonomous-Robot/puzzlebot_ws/install/puzzlebot/lib/python3.10/site-packages:${PYTHONPATH} /usr/bin/python3 -W ignore:setup.py install is deprecated setup.py egg_info --egg-base ../../build/puzzlebot build --build-base /mnt/d/rokur/Documents/ITESM/6to/Robotica_Inteligente/Autonomous-Robot/puzzlebot_ws/build/puzzlebot/build install --record /mnt/d/rokur/Documents/ITESM/6to/Robotica_Inteligente/Autonomous-Robot/puzzlebot_ws/build/puzzlebot/install.log --single-version-externally-managed install_data
[2.314s] running egg_info
[2.319s] writing ../../build/puzzlebot/puzzlebot.egg-info/PKG-INFO
[2.328s] writing dependency_links to ../../build/puzzlebot/puzzlebot.egg-info/dependency_links.txt
[2.334s] writing entry points to ../../build/puzzlebot/puzzlebot.egg-info/entry_points.txt
[2.339s] writing requirements to ../../build/puzzlebot/puzzlebot.egg-info/requires.txt
[2.343s] writing top-level names to ../../build/puzzlebot/puzzlebot.egg-info/top_level.txt
[2.388s] reading manifest file '../../build/puzzlebot/puzzlebot.egg-info/SOURCES.txt'
[2.437s] adding license file 'LICENSE'
[2.461s] writing manifest file '../../build/puzzlebot/puzzlebot.egg-info/SOURCES.txt'
[2.465s] running build
[2.465s] running build_py
[2.479s] copying puzzlebot/camera_segmentation_node.py -> /mnt/d/rokur/Documents/ITESM/6to/Robotica_Inteligente/Autonomous-Robot/puzzlebot_ws/build/puzzlebot/build/lib/puzzlebot
[2.528s] creating /mnt/d/rokur/Documents/ITESM/6to/Robotica_Inteligente/Autonomous-Robot/puzzlebot_ws/build/puzzlebot/build/lib/puzzlebot/submodules
[2.538s] copying puzzlebot/submodules/camera_utils.py -> /mnt/d/rokur/Documents/ITESM/6to/Robotica_Inteligente/Autonomous-Robot/puzzlebot_ws/build/puzzlebot/build/lib/puzzlebot/submodules
[2.581s] copying puzzlebot/submodules/__init__.py -> /mnt/d/rokur/Documents/ITESM/6to/Robotica_Inteligente/Autonomous-Robot/puzzlebot_ws/build/puzzlebot/build/lib/puzzlebot/submodules
[2.592s] running install
[2.593s] running install_lib
[2.628s] copying /mnt/d/rokur/Documents/ITESM/6to/Robotica_Inteligente/Autonomous-Robot/puzzlebot_ws/build/puzzlebot/build/lib/puzzlebot/camera_segmentation_node.py -> /mnt/d/rokur/Documents/ITESM/6to/Robotica_Inteligente/Autonomous-Robot/puzzlebot_ws/install/puzzlebot/lib/python3.10/site-packages/puzzlebot
[2.662s] creating /mnt/d/rokur/Documents/ITESM/6to/Robotica_Inteligente/Autonomous-Robot/puzzlebot_ws/install/puzzlebot/lib/python3.10/site-packages/puzzlebot/submodules
[2.678s] copying /mnt/d/rokur/Documents/ITESM/6to/Robotica_Inteligente/Autonomous-Robot/puzzlebot_ws/build/puzzlebot/build/lib/puzzlebot/submodules/camera_utils.py -> /mnt/d/rokur/Documents/ITESM/6to/Robotica_Inteligente/Autonomous-Robot/puzzlebot_ws/install/puzzlebot/lib/python3.10/site-packages/puzzlebot/submodules
[2.715s] copying /mnt/d/rokur/Documents/ITESM/6to/Robotica_Inteligente/Autonomous-Robot/puzzlebot_ws/build/puzzlebot/build/lib/puzzlebot/submodules/__init__.py -> /mnt/d/rokur/Documents/ITESM/6to/Robotica_Inteligente/Autonomous-Robot/puzzlebot_ws/install/puzzlebot/lib/python3.10/site-packages/puzzlebot/submodules
[2.773s] byte-compiling /mnt/d/rokur/Documents/ITESM/6to/Robotica_Inteligente/Autonomous-Robot/puzzlebot_ws/install/puzzlebot/lib/python3.10/site-packages/puzzlebot/camera_segmentation_node.py to camera_segmentation_node.cpython-310.pyc
[2.811s] byte-compiling /mnt/d/rokur/Documents/ITESM/6to/Robotica_Inteligente/Autonomous-Robot/puzzlebot_ws/install/puzzlebot/lib/python3.10/site-packages/puzzlebot/submodules/camera_utils.py to camera_utils.cpython-310.pyc
[2.848s] byte-compiling /mnt/d/rokur/Documents/ITESM/6to/Robotica_Inteligente/Autonomous-Robot/puzzlebot_ws/install/puzzlebot/lib/python3.10/site-packages/puzzlebot/submodules/__init__.py to __init__.cpython-310.pyc
[2.893s] running install_data
[2.915s] running install_egg_info
[2.926s] removing '/mnt/d/rokur/Documents/ITESM/6to/Robotica_Inteligente/Autonomous-Robot/puzzlebot_ws/install/puzzlebot/lib/python3.10/site-packages/puzzlebot-0.0.0-py3.10.egg-info' (and everything under it)
[2.987s] Copying ../../build/puzzlebot/puzzlebot.egg-info to /mnt/d/rokur/Documents/ITESM/6to/Robotica_Inteligente/Autonomous-Robot/puzzlebot_ws/install/puzzlebot/lib/python3.10/site-packages/puzzlebot-0.0.0-py3.10.egg-info
[3.207s] running install_scripts
[3.274s] Installing camera_segmentation_node script to /mnt/d/rokur/Documents/ITESM/6to/Robotica_Inteligente/Autonomous-Robot/puzzlebot_ws/install/puzzlebot/lib/puzzlebot
[3.290s] writing list of installed files to '/mnt/d/rokur/Documents/ITESM/6to/Robotica_Inteligente/Autonomous-Robot/puzzlebot_ws/build/puzzlebot/install.log'
[3.327s] Invoked command in '/mnt/d/rokur/Documents/ITESM/6to/Robotica_Inteligente/Autonomous-Robot/puzzlebot_ws/src/puzzlebot' returned '0': PYTHONPATH=/mnt/d/rokur/Documents/ITESM/6to/Robotica_Inteligente/Autonomous-Robot/puzzlebot_ws/build/puzzlebot/prefix_override:/mnt/d/rokur/Documents/ITESM/6to/Robotica_Inteligente/Autonomous-Robot/puzzlebot_ws/install/puzzlebot/lib/python3.10/site-packages:${PYTHONPATH} /usr/bin/python3 -W ignore:setup.py install is deprecated setup.py egg_info --egg-base ../../build/puzzlebot build --build-base /mnt/d/rokur/Documents/ITESM/6to/Robotica_Inteligente/Autonomous-Robot/puzzlebot_ws/build/puzzlebot/build install --record /mnt/d/rokur/Documents/ITESM/6to/Robotica_Inteligente/Autonomous-Robot/puzzlebot_ws/build/puzzlebot/install.log --single-version-externally-managed install_data
