[0.382s] DEBUG:colcon:Command line arguments: ['/usr/bin/colcon', 'build']
[0.382s] DEBUG:colcon:Parsed command line arguments: Namespace(log_base=None, log_level=None, verb_name='build', build_base='build', install_base='install', merge_install=False, symlink_install=False, test_result_base=None, continue_on_error=False, executor='parallel', parallel_workers=8, event_handlers=None, ignore_user_meta=False, metas=['./colcon.meta'], base_paths=['.'], packages_ignore=None, packages_ignore_regex=None, paths=None, packages_up_to=None, packages_up_to_regex=None, packages_above=None, packages_above_and_dependencies=None, packages_above_depth=None, packages_select_by_dep=None, packages_skip_by_dep=None, packages_skip_up_to=None, packages_select_build_failed=False, packages_skip_build_finished=False, packages_select_test_failures=False, packages_skip_test_passed=False, packages_select=None, packages_skip=None, packages_select_regex=None, packages_skip_regex=None, packages_start=None, packages_end=None, allow_overriding=[], cmake_args=None, cmake_target=None, cmake_target_skip_unavailable=False, cmake_clean_cache=False, cmake_clean_first=False, cmake_force_configure=False, ament_cmake_args=None, catkin_cmake_args=None, catkin_skip_building_tests=False, mixin_files=None, mixin=None, verb_parser=<colcon_mixin.mixin.mixin_argument.MixinArgumentDecorator object at 0x7f456b07cdc0>, verb_extension=<colcon_core.verb.build.BuildVerb object at 0x7f456b175510>, main=<bound method BuildVerb.main of <colcon_core.verb.build.BuildVerb object at 0x7f456b175510>>, mixin_verb=('build',))
[0.754s] Level 1:colcon.colcon_core.package_discovery:discover_packages(colcon_meta) check parameters
[0.755s] Level 1:colcon.colcon_core.package_discovery:discover_packages(recursive) check parameters
[0.756s] Level 1:colcon.colcon_core.package_discovery:discover_packages(ignore) check parameters
[0.756s] Level 1:colcon.colcon_core.package_discovery:discover_packages(path) check parameters
[0.757s] Level 1:colcon.colcon_core.package_discovery:discover_packages(colcon_meta) discover
[0.757s] Level 1:colcon.colcon_core.package_discovery:discover_packages(recursive) discover
[0.758s] INFO:colcon.colcon_core.package_discovery:Crawling recursively for packages in '/mnt/d/rokur/Documents/ITESM/6to/Robotica_Inteligente/Autonomous-Robot/puzzlebot_ws'
[0.763s] Level 1:colcon.colcon_core.package_identification:_identify(.) by extensions ['ignore', 'ignore_ament_install']
[0.764s] Level 1:colcon.colcon_core.package_identification:_identify(.) by extension 'ignore'
[0.765s] Level 1:colcon.colcon_core.package_identification:_identify(.) by extension 'ignore_ament_install'
[0.767s] Level 1:colcon.colcon_core.package_identification:_identify(.) by extensions ['colcon_pkg']
[0.768s] Level 1:colcon.colcon_core.package_identification:_identify(.) by extension 'colcon_pkg'
[0.770s] Level 1:colcon.colcon_core.package_identification:_identify(.) by extensions ['colcon_meta']
[0.771s] Level 1:colcon.colcon_core.package_identification:_identify(.) by extension 'colcon_meta'
[0.771s] Level 1:colcon.colcon_core.package_identification:_identify(.) by extensions ['ros']
[0.772s] Level 1:colcon.colcon_core.package_identification:_identify(.) by extension 'ros'
[0.786s] Level 1:colcon.colcon_core.package_identification:_identify(.) by extensions ['cmake', 'python']
[0.787s] Level 1:colcon.colcon_core.package_identification:_identify(.) by extension 'cmake'
[0.788s] Level 1:colcon.colcon_core.package_identification:_identify(.) by extension 'python'
[0.789s] Level 1:colcon.colcon_core.package_identification:_identify(.) by extensions ['python_setup_py']
[0.790s] Level 1:colcon.colcon_core.package_identification:_identify(.) by extension 'python_setup_py'
[0.800s] Level 1:colcon.colcon_core.package_identification:_identify(build) by extensions ['ignore', 'ignore_ament_install']
[0.801s] Level 1:colcon.colcon_core.package_identification:_identify(build) by extension 'ignore'
[0.805s] Level 1:colcon.colcon_core.package_identification:_identify(build) ignored
[0.812s] Level 1:colcon.colcon_core.package_identification:_identify(install) by extensions ['ignore', 'ignore_ament_install']
[0.813s] Level 1:colcon.colcon_core.package_identification:_identify(install) by extension 'ignore'
[0.816s] Level 1:colcon.colcon_core.package_identification:_identify(install) ignored
[0.828s] Level 1:colcon.colcon_core.package_identification:_identify(log) by extensions ['ignore', 'ignore_ament_install']
[0.829s] Level 1:colcon.colcon_core.package_identification:_identify(log) by extension 'ignore'
[0.830s] Level 1:colcon.colcon_core.package_identification:_identify(log) ignored
[0.837s] Level 1:colcon.colcon_core.package_identification:_identify(src) by extensions ['ignore', 'ignore_ament_install']
[0.837s] Level 1:colcon.colcon_core.package_identification:_identify(src) by extension 'ignore'
[0.839s] Level 1:colcon.colcon_core.package_identification:_identify(src) by extension 'ignore_ament_install'
[0.843s] Level 1:colcon.colcon_core.package_identification:_identify(src) by extensions ['colcon_pkg']
[0.844s] Level 1:colcon.colcon_core.package_identification:_identify(src) by extension 'colcon_pkg'
[0.846s] Level 1:colcon.colcon_core.package_identification:_identify(src) by extensions ['colcon_meta']
[0.847s] Level 1:colcon.colcon_core.package_identification:_identify(src) by extension 'colcon_meta'
[0.849s] Level 1:colcon.colcon_core.package_identification:_identify(src) by extensions ['ros']
[0.849s] Level 1:colcon.colcon_core.package_identification:_identify(src) by extension 'ros'
[0.852s] Level 1:colcon.colcon_core.package_identification:_identify(src) by extensions ['cmake', 'python']
[0.852s] Level 1:colcon.colcon_core.package_identification:_identify(src) by extension 'cmake'
[0.853s] Level 1:colcon.colcon_core.package_identification:_identify(src) by extension 'python'
[0.854s] Level 1:colcon.colcon_core.package_identification:_identify(src) by extensions ['python_setup_py']
[0.854s] Level 1:colcon.colcon_core.package_identification:_identify(src) by extension 'python_setup_py'
[0.858s] Level 1:colcon.colcon_core.package_identification:_identify(src/puzzlebot) by extensions ['ignore', 'ignore_ament_install']
[0.858s] Level 1:colcon.colcon_core.package_identification:_identify(src/puzzlebot) by extension 'ignore'
[0.859s] Level 1:colcon.colcon_core.package_identification:_identify(src/puzzlebot) by extension 'ignore_ament_install'
[0.861s] Level 1:colcon.colcon_core.package_identification:_identify(src/puzzlebot) by extensions ['colcon_pkg']
[0.861s] Level 1:colcon.colcon_core.package_identification:_identify(src/puzzlebot) by extension 'colcon_pkg'
[0.862s] Level 1:colcon.colcon_core.package_identification:_identify(src/puzzlebot) by extensions ['colcon_meta']
[0.862s] Level 1:colcon.colcon_core.package_identification:_identify(src/puzzlebot) by extension 'colcon_meta'
[0.864s] Level 1:colcon.colcon_core.package_identification:_identify(src/puzzlebot) by extensions ['ros']
[0.864s] Level 1:colcon.colcon_core.package_identification:_identify(src/puzzlebot) by extension 'ros'
[0.879s] DEBUG:colcon.colcon_core.package_identification:Package 'src/puzzlebot' with type 'ros.ament_python' and name 'puzzlebot'
[0.879s] Level 1:colcon.colcon_core.package_discovery:discover_packages(recursive) using defaults
[0.879s] Level 1:colcon.colcon_core.package_discovery:discover_packages(ignore) discover
[0.879s] Level 1:colcon.colcon_core.package_discovery:discover_packages(ignore) using defaults
[0.880s] Level 1:colcon.colcon_core.package_discovery:discover_packages(path) discover
[0.880s] Level 1:colcon.colcon_core.package_discovery:discover_packages(path) using defaults
[0.939s] Level 1:colcon.colcon_core.package_discovery:discover_packages(prefix_path) check parameters
[0.940s] Level 1:colcon.colcon_core.package_discovery:discover_packages(prefix_path) discover
[0.948s] DEBUG:colcon.colcon_installed_package_information.package_discovery:Found 270 installed packages in /opt/ros/humble
[0.952s] Level 1:colcon.colcon_core.package_discovery:discover_packages(prefix_path) using defaults
[1.008s] Level 5:colcon.colcon_core.verb:set package 'puzzlebot' build argument 'cmake_args' from command line to 'None'
[1.009s] Level 5:colcon.colcon_core.verb:set package 'puzzlebot' build argument 'cmake_target' from command line to 'None'
[1.010s] Level 5:colcon.colcon_core.verb:set package 'puzzlebot' build argument 'cmake_target_skip_unavailable' from command line to 'False'
[1.011s] Level 5:colcon.colcon_core.verb:set package 'puzzlebot' build argument 'cmake_clean_cache' from command line to 'False'
[1.011s] Level 5:colcon.colcon_core.verb:set package 'puzzlebot' build argument 'cmake_clean_first' from command line to 'False'
[1.011s] Level 5:colcon.colcon_core.verb:set package 'puzzlebot' build argument 'cmake_force_configure' from command line to 'False'
[1.012s] Level 5:colcon.colcon_core.verb:set package 'puzzlebot' build argument 'ament_cmake_args' from command line to 'None'
[1.012s] Level 5:colcon.colcon_core.verb:set package 'puzzlebot' build argument 'catkin_cmake_args' from command line to 'None'
[1.013s] Level 5:colcon.colcon_core.verb:set package 'puzzlebot' build argument 'catkin_skip_building_tests' from command line to 'False'
[1.013s] DEBUG:colcon.colcon_core.verb:Building package 'puzzlebot' with the following arguments: {'ament_cmake_args': None, 'build_base': '/mnt/d/rokur/Documents/ITESM/6to/Robotica_Inteligente/Autonomous-Robot/puzzlebot_ws/build/puzzlebot', 'catkin_cmake_args': None, 'catkin_skip_building_tests': False, 'cmake_args': None, 'cmake_clean_cache': False, 'cmake_clean_first': False, 'cmake_force_configure': False, 'cmake_target': None, 'cmake_target_skip_unavailable': False, 'install_base': '/mnt/d/rokur/Documents/ITESM/6to/Robotica_Inteligente/Autonomous-Robot/puzzlebot_ws/install/puzzlebot', 'merge_install': False, 'path': '/mnt/d/rokur/Documents/ITESM/6to/Robotica_Inteligente/Autonomous-Robot/puzzlebot_ws/src/puzzlebot', 'symlink_install': False, 'test_result_base': None}
[1.014s] INFO:colcon.colcon_core.executor:Executing jobs using 'parallel' executor
[1.016s] DEBUG:colcon.colcon_parallel_executor.executor.parallel:run_until_complete
[1.016s] INFO:colcon.colcon_ros.task.ament_python.build:Building ROS package in '/mnt/d/rokur/Documents/ITESM/6to/Robotica_Inteligente/Autonomous-Robot/puzzlebot_ws/src/puzzlebot' with build type 'ament_python'
[1.017s] Level 1:colcon.colcon_core.shell:create_environment_hook('puzzlebot', 'ament_prefix_path')
[1.028s] INFO:colcon.colcon_core.plugin_system:Skipping extension 'colcon_core.shell.bat': Not used on non-Windows systems
[1.029s] INFO:colcon.colcon_core.shell:Creating environment hook '/mnt/d/rokur/Documents/ITESM/6to/Robotica_Inteligente/Autonomous-Robot/puzzlebot_ws/install/puzzlebot/share/puzzlebot/hook/ament_prefix_path.ps1'
[1.048s] INFO:colcon.colcon_core.shell:Creating environment descriptor '/mnt/d/rokur/Documents/ITESM/6to/Robotica_Inteligente/Autonomous-Robot/puzzlebot_ws/install/puzzlebot/share/puzzlebot/hook/ament_prefix_path.dsv'
[1.057s] INFO:colcon.colcon_core.shell:Creating environment hook '/mnt/d/rokur/Documents/ITESM/6to/Robotica_Inteligente/Autonomous-Robot/puzzlebot_ws/install/puzzlebot/share/puzzlebot/hook/ament_prefix_path.sh'
[1.067s] INFO:colcon.colcon_core.shell:Skip shell extension 'powershell' for command environment: Not usable outside of PowerShell
[1.068s] DEBUG:colcon.colcon_core.shell:Skip shell extension 'dsv' for command environment
[1.408s] INFO:colcon.colcon_core.task.python.build:Building Python package in '/mnt/d/rokur/Documents/ITESM/6to/Robotica_Inteligente/Autonomous-Robot/puzzlebot_ws/src/puzzlebot'
[1.409s] INFO:colcon.colcon_core.shell:Skip shell extension 'powershell' for command environment: Not usable outside of PowerShell
[1.410s] DEBUG:colcon.colcon_core.shell:Skip shell extension 'dsv' for command environment
[2.481s] DEBUG:colcon.colcon_core.event_handler.log_command:Invoking command in '/mnt/d/rokur/Documents/ITESM/6to/Robotica_Inteligente/Autonomous-Robot/puzzlebot_ws/src/puzzlebot': PYTHONPATH=/mnt/d/rokur/Documents/ITESM/6to/Robotica_Inteligente/Autonomous-Robot/puzzlebot_ws/build/puzzlebot/prefix_override:/mnt/d/rokur/Documents/ITESM/6to/Robotica_Inteligente/Autonomous-Robot/puzzlebot_ws/install/puzzlebot/lib/python3.10/site-packages:${PYTHONPATH} /usr/bin/python3 -W ignore:setup.py install is deprecated setup.py egg_info --egg-base ../../build/puzzlebot build --build-base /mnt/d/rokur/Documents/ITESM/6to/Robotica_Inteligente/Autonomous-Robot/puzzlebot_ws/build/puzzlebot/build install --record /mnt/d/rokur/Documents/ITESM/6to/Robotica_Inteligente/Autonomous-Robot/puzzlebot_ws/build/puzzlebot/install.log --single-version-externally-managed install_data
[4.268s] DEBUG:colcon.colcon_core.event_handler.log_command:Invoked command in '/mnt/d/rokur/Documents/ITESM/6to/Robotica_Inteligente/Autonomous-Robot/puzzlebot_ws/src/puzzlebot' returned '0': PYTHONPATH=/mnt/d/rokur/Documents/ITESM/6to/Robotica_Inteligente/Autonomous-Robot/puzzlebot_ws/build/puzzlebot/prefix_override:/mnt/d/rokur/Documents/ITESM/6to/Robotica_Inteligente/Autonomous-Robot/puzzlebot_ws/install/puzzlebot/lib/python3.10/site-packages:${PYTHONPATH} /usr/bin/python3 -W ignore:setup.py install is deprecated setup.py egg_info --egg-base ../../build/puzzlebot build --build-base /mnt/d/rokur/Documents/ITESM/6to/Robotica_Inteligente/Autonomous-Robot/puzzlebot_ws/build/puzzlebot/build install --record /mnt/d/rokur/Documents/ITESM/6to/Robotica_Inteligente/Autonomous-Robot/puzzlebot_ws/build/puzzlebot/install.log --single-version-externally-managed install_data
[4.280s] Level 1:colcon.colcon_core.environment:checking '/mnt/d/rokur/Documents/ITESM/6to/Robotica_Inteligente/Autonomous-Robot/puzzlebot_ws/install/puzzlebot' for CMake module files
[4.331s] Level 1:colcon.colcon_core.environment:checking '/mnt/d/rokur/Documents/ITESM/6to/Robotica_Inteligente/Autonomous-Robot/puzzlebot_ws/install/puzzlebot' for CMake config files
[4.421s] Level 1:colcon.colcon_core.environment:checking '/mnt/d/rokur/Documents/ITESM/6to/Robotica_Inteligente/Autonomous-Robot/puzzlebot_ws/install/puzzlebot/lib'
[4.425s] Level 1:colcon.colcon_core.environment:checking '/mnt/d/rokur/Documents/ITESM/6to/Robotica_Inteligente/Autonomous-Robot/puzzlebot_ws/install/puzzlebot/bin'
[4.427s] Level 1:colcon.colcon_core.environment:checking '/mnt/d/rokur/Documents/ITESM/6to/Robotica_Inteligente/Autonomous-Robot/puzzlebot_ws/install/puzzlebot/lib/pkgconfig/puzzlebot.pc'
[4.428s] Level 1:colcon.colcon_core.environment:checking '/mnt/d/rokur/Documents/ITESM/6to/Robotica_Inteligente/Autonomous-Robot/puzzlebot_ws/install/puzzlebot/lib/python3.10/site-packages'
[4.432s] Level 1:colcon.colcon_core.shell:create_environment_hook('puzzlebot', 'pythonpath')
[4.432s] INFO:colcon.colcon_core.shell:Creating environment hook '/mnt/d/rokur/Documents/ITESM/6to/Robotica_Inteligente/Autonomous-Robot/puzzlebot_ws/install/puzzlebot/share/puzzlebot/hook/pythonpath.ps1'
[4.473s] INFO:colcon.colcon_core.shell:Creating environment descriptor '/mnt/d/rokur/Documents/ITESM/6to/Robotica_Inteligente/Autonomous-Robot/puzzlebot_ws/install/puzzlebot/share/puzzlebot/hook/pythonpath.dsv'
[4.497s] INFO:colcon.colcon_core.shell:Creating environment hook '/mnt/d/rokur/Documents/ITESM/6to/Robotica_Inteligente/Autonomous-Robot/puzzlebot_ws/install/puzzlebot/share/puzzlebot/hook/pythonpath.sh'
[4.512s] Level 1:colcon.colcon_core.environment:checking '/mnt/d/rokur/Documents/ITESM/6to/Robotica_Inteligente/Autonomous-Robot/puzzlebot_ws/install/puzzlebot/bin'
[4.514s] Level 1:colcon.colcon_core.environment:create_environment_scripts_only(puzzlebot)
[4.515s] INFO:colcon.colcon_core.shell:Creating package script '/mnt/d/rokur/Documents/ITESM/6to/Robotica_Inteligente/Autonomous-Robot/puzzlebot_ws/install/puzzlebot/share/puzzlebot/package.ps1'
[4.529s] INFO:colcon.colcon_core.shell:Creating package descriptor '/mnt/d/rokur/Documents/ITESM/6to/Robotica_Inteligente/Autonomous-Robot/puzzlebot_ws/install/puzzlebot/share/puzzlebot/package.dsv'
[4.544s] INFO:colcon.colcon_core.shell:Creating package script '/mnt/d/rokur/Documents/ITESM/6to/Robotica_Inteligente/Autonomous-Robot/puzzlebot_ws/install/puzzlebot/share/puzzlebot/package.sh'
[4.558s] INFO:colcon.colcon_core.shell:Creating package script '/mnt/d/rokur/Documents/ITESM/6to/Robotica_Inteligente/Autonomous-Robot/puzzlebot_ws/install/puzzlebot/share/puzzlebot/package.bash'
[4.570s] INFO:colcon.colcon_core.shell:Creating package script '/mnt/d/rokur/Documents/ITESM/6to/Robotica_Inteligente/Autonomous-Robot/puzzlebot_ws/install/puzzlebot/share/puzzlebot/package.zsh'
[4.581s] Level 1:colcon.colcon_core.environment:create_file_with_runtime_dependencies(/mnt/d/rokur/Documents/ITESM/6to/Robotica_Inteligente/Autonomous-Robot/puzzlebot_ws/install/puzzlebot/share/colcon-core/packages/puzzlebot)
[4.593s] DEBUG:colcon.colcon_parallel_executor.executor.parallel:closing loop
[4.593s] DEBUG:colcon.colcon_parallel_executor.executor.parallel:loop closed
[4.593s] DEBUG:colcon.colcon_parallel_executor.executor.parallel:run_until_complete finished with '0'
[4.594s] DEBUG:colcon.colcon_core.event_reactor:joining thread
[4.636s] INFO:colcon.colcon_core.plugin_system:Skipping extension 'colcon_notification.desktop_notification.notify_send': Could not find 'notify-send'
[4.636s] INFO:colcon.colcon_core.plugin_system:Skipping extension 'colcon_notification.desktop_notification.terminal_notifier': Not used on non-Darwin systems
[4.636s] INFO:colcon.colcon_core.plugin_system:Skipping extension 'colcon_notification.desktop_notification.win32': Not used on non-Windows systems
[4.636s] INFO:colcon.colcon_notification.desktop_notification:Sending desktop notification using 'notify2'
[4.637s] DEBUG:colcon.colcon_notification.desktop_notification.notify2:Failed to initialize notify2: org.freedesktop.DBus.Error.FileNotFound: Failed to connect to socket /run/user/1000/bus: No such file or directory
[4.637s] DEBUG:colcon.colcon_core.event_reactor:joined thread
[4.639s] INFO:colcon.colcon_core.shell:Creating prefix script '/mnt/d/rokur/Documents/ITESM/6to/Robotica_Inteligente/Autonomous-Robot/puzzlebot_ws/install/local_setup.ps1'
[4.648s] INFO:colcon.colcon_core.shell:Creating prefix util module '/mnt/d/rokur/Documents/ITESM/6to/Robotica_Inteligente/Autonomous-Robot/puzzlebot_ws/install/_local_setup_util_ps1.py'
[4.655s] INFO:colcon.colcon_core.shell:Creating prefix chain script '/mnt/d/rokur/Documents/ITESM/6to/Robotica_Inteligente/Autonomous-Robot/puzzlebot_ws/install/setup.ps1'
[4.664s] INFO:colcon.colcon_core.shell:Creating prefix script '/mnt/d/rokur/Documents/ITESM/6to/Robotica_Inteligente/Autonomous-Robot/puzzlebot_ws/install/local_setup.sh'
[4.672s] INFO:colcon.colcon_core.shell:Creating prefix util module '/mnt/d/rokur/Documents/ITESM/6to/Robotica_Inteligente/Autonomous-Robot/puzzlebot_ws/install/_local_setup_util_sh.py'
[4.677s] INFO:colcon.colcon_core.shell:Creating prefix chain script '/mnt/d/rokur/Documents/ITESM/6to/Robotica_Inteligente/Autonomous-Robot/puzzlebot_ws/install/setup.sh'
[4.684s] INFO:colcon.colcon_core.shell:Creating prefix script '/mnt/d/rokur/Documents/ITESM/6to/Robotica_Inteligente/Autonomous-Robot/puzzlebot_ws/install/local_setup.bash'
[4.692s] INFO:colcon.colcon_core.shell:Creating prefix chain script '/mnt/d/rokur/Documents/ITESM/6to/Robotica_Inteligente/Autonomous-Robot/puzzlebot_ws/install/setup.bash'
[4.699s] INFO:colcon.colcon_core.shell:Creating prefix script '/mnt/d/rokur/Documents/ITESM/6to/Robotica_Inteligente/Autonomous-Robot/puzzlebot_ws/install/local_setup.zsh'
[4.705s] INFO:colcon.colcon_core.shell:Creating prefix chain script '/mnt/d/rokur/Documents/ITESM/6to/Robotica_Inteligente/Autonomous-Robot/puzzlebot_ws/install/setup.zsh'
