running egg_info
creating ../../../build/puzzlebot/puzzlebot.egg-info
writing ../../../build/puzzlebot/puzzlebot.egg-info/PKG-INFO
writing dependency_links to ../../../build/puzzlebot/puzzlebot.egg-info/dependency_links.txt
writing entry points to ../../../build/puzzlebot/puzzlebot.egg-info/entry_points.txt
writing requirements to ../../../build/puzzlebot/puzzlebot.egg-info/requires.txt
writing top-level names to ../../../build/puzzlebot/puzzlebot.egg-info/top_level.txt
writing manifest file '../../../build/puzzlebot/puzzlebot.egg-info/SOURCES.txt'
reading manifest file '../../../build/puzzlebot/puzzlebot.egg-info/SOURCES.txt'
adding license file 'LICENSE'
writing manifest file '../../../build/puzzlebot/puzzlebot.egg-info/SOURCES.txt'
running build
running build_py
creating /home/paolo/Autonomous-Robot/build/puzzlebot/build
creating /home/paolo/Autonomous-Robot/build/puzzlebot/build/lib
creating /home/paolo/Autonomous-Robot/build/puzzlebot/build/lib/puzzlebot
copying puzzlebot/__init__.py -> /home/paolo/Autonomous-Robot/build/puzzlebot/build/lib/puzzlebot
copying puzzlebot/controller_node.py -> /home/paolo/Autonomous-Robot/build/puzzlebot/build/lib/puzzlebot
copying puzzlebot/yolo_segmentation_node.py -> /home/paolo/Autonomous-Robot/build/puzzlebot/build/lib/puzzlebot
creating /home/paolo/Autonomous-Robot/build/puzzlebot/build/lib/puzzlebot/submodules
copying puzzlebot/submodules/__init__.py -> /home/paolo/Autonomous-Robot/build/puzzlebot/build/lib/puzzlebot/submodules
copying puzzlebot/submodules/camera_utils.py -> /home/paolo/Autonomous-Robot/build/puzzlebot/build/lib/puzzlebot/submodules
copying puzzlebot/submodules/math_utils.py -> /home/paolo/Autonomous-Robot/build/puzzlebot/build/lib/puzzlebot/submodules
running install
running install_lib
creating /home/paolo/Autonomous-Robot/install/puzzlebot/lib/python3.10/site-packages/puzzlebot
copying /home/paolo/Autonomous-Robot/build/puzzlebot/build/lib/puzzlebot/__init__.py -> /home/paolo/Autonomous-Robot/install/puzzlebot/lib/python3.10/site-packages/puzzlebot
creating /home/paolo/Autonomous-Robot/install/puzzlebot/lib/python3.10/site-packages/puzzlebot/submodules
copying /home/paolo/Autonomous-Robot/build/puzzlebot/build/lib/puzzlebot/submodules/__init__.py -> /home/paolo/Autonomous-Robot/install/puzzlebot/lib/python3.10/site-packages/puzzlebot/submodules
copying /home/paolo/Autonomous-Robot/build/puzzlebot/build/lib/puzzlebot/submodules/camera_utils.py -> /home/paolo/Autonomous-Robot/install/puzzlebot/lib/python3.10/site-packages/puzzlebot/submodules
copying /home/paolo/Autonomous-Robot/build/puzzlebot/build/lib/puzzlebot/submodules/math_utils.py -> /home/paolo/Autonomous-Robot/install/puzzlebot/lib/python3.10/site-packages/puzzlebot/submodules
copying /home/paolo/Autonomous-Robot/build/puzzlebot/build/lib/puzzlebot/controller_node.py -> /home/paolo/Autonomous-Robot/install/puzzlebot/lib/python3.10/site-packages/puzzlebot
copying /home/paolo/Autonomous-Robot/build/puzzlebot/build/lib/puzzlebot/yolo_segmentation_node.py -> /home/paolo/Autonomous-Robot/install/puzzlebot/lib/python3.10/site-packages/puzzlebot
byte-compiling /home/paolo/Autonomous-Robot/install/puzzlebot/lib/python3.10/site-packages/puzzlebot/__init__.py to __init__.cpython-310.pyc
byte-compiling /home/paolo/Autonomous-Robot/install/puzzlebot/lib/python3.10/site-packages/puzzlebot/submodules/__init__.py to __init__.cpython-310.pyc
byte-compiling /home/paolo/Autonomous-Robot/install/puzzlebot/lib/python3.10/site-packages/puzzlebot/submodules/camera_utils.py to camera_utils.cpython-310.pyc
byte-compiling /home/paolo/Autonomous-Robot/install/puzzlebot/lib/python3.10/site-packages/puzzlebot/submodules/math_utils.py to math_utils.cpython-310.pyc
byte-compiling /home/paolo/Autonomous-Robot/install/puzzlebot/lib/python3.10/site-packages/puzzlebot/controller_node.py to controller_node.cpython-310.pyc
byte-compiling /home/paolo/Autonomous-Robot/install/puzzlebot/lib/python3.10/site-packages/puzzlebot/yolo_segmentation_node.py to yolo_segmentation_node.cpython-310.pyc
running install_data
creating /home/paolo/Autonomous-Robot/install/puzzlebot/share/ament_index
creating /home/paolo/Autonomous-Robot/install/puzzlebot/share/ament_index/resource_index
creating /home/paolo/Autonomous-Robot/install/puzzlebot/share/ament_index/resource_index/packages
copying resource/puzzlebot -> /home/paolo/Autonomous-Robot/install/puzzlebot/share/ament_index/resource_index/packages
copying package.xml -> /home/paolo/Autonomous-Robot/install/puzzlebot/share/puzzlebot
creating /home/paolo/Autonomous-Robot/install/puzzlebot/share/puzzlebot/launch
copying launch/puzzlebot_launch.py -> /home/paolo/Autonomous-Robot/install/puzzlebot/share/puzzlebot/launch
creating /home/paolo/Autonomous-Robot/install/puzzlebot/share/puzzlebot/config
copying config/controller_node_params.yaml -> /home/paolo/Autonomous-Robot/install/puzzlebot/share/puzzlebot/config
running install_egg_info
Copying ../../../build/puzzlebot/puzzlebot.egg-info to /home/paolo/Autonomous-Robot/install/puzzlebot/lib/python3.10/site-packages/puzzlebot-0.0.0-py3.10.egg-info
running install_scripts
Installing yolo_segmentation_node script to /home/paolo/Autonomous-Robot/install/puzzlebot/lib/puzzlebot
writing list of installed files to '/home/paolo/Autonomous-Robot/build/puzzlebot/install.log'
