[0.363s] Invoking command in '/home/paolo/Autonomous-Robot/puzzlebot_ws/src/puzzlebot': PYTHONPATH=/home/paolo/Autonomous-Robot/build/puzzlebot/prefix_override:/home/paolo/Autonomous-Robot/install/puzzlebot/lib/python3.10/site-packages:${PYTHONPATH} /usr/bin/python3 -W ignore:setup.py install is deprecated setup.py egg_info --egg-base ../../../build/puzzlebot build --build-base /home/paolo/Autonomous-Robot/build/puzzlebot/build install --record /home/paolo/Autonomous-Robot/build/puzzlebot/install.log --single-version-externally-managed install_data
[0.488s] running egg_info
[0.488s] creating ../../../build/puzzlebot/puzzlebot.egg-info
[0.488s] writing ../../../build/puzzlebot/puzzlebot.egg-info/PKG-INFO
[0.488s] writing dependency_links to ../../../build/puzzlebot/puzzlebot.egg-info/dependency_links.txt
[0.488s] writing entry points to ../../../build/puzzlebot/puzzlebot.egg-info/entry_points.txt
[0.488s] writing requirements to ../../../build/puzzlebot/puzzlebot.egg-info/requires.txt
[0.488s] writing top-level names to ../../../build/puzzlebot/puzzlebot.egg-info/top_level.txt
[0.488s] writing manifest file '../../../build/puzzlebot/puzzlebot.egg-info/SOURCES.txt'
[0.489s] reading manifest file '../../../build/puzzlebot/puzzlebot.egg-info/SOURCES.txt'
[0.489s] adding license file 'LICENSE'
[0.490s] writing manifest file '../../../build/puzzlebot/puzzlebot.egg-info/SOURCES.txt'
[0.490s] running build
[0.490s] running build_py
[0.490s] creating /home/paolo/Autonomous-Robot/build/puzzlebot/build
[0.490s] creating /home/paolo/Autonomous-Robot/build/puzzlebot/build/lib
[0.490s] creating /home/paolo/Autonomous-Robot/build/puzzlebot/build/lib/puzzlebot
[0.490s] copying puzzlebot/__init__.py -> /home/paolo/Autonomous-Robot/build/puzzlebot/build/lib/puzzlebot
[0.490s] copying puzzlebot/controller_node.py -> /home/paolo/Autonomous-Robot/build/puzzlebot/build/lib/puzzlebot
[0.490s] copying puzzlebot/yolo_segmentation_node.py -> /home/paolo/Autonomous-Robot/build/puzzlebot/build/lib/puzzlebot
[0.490s] creating /home/paolo/Autonomous-Robot/build/puzzlebot/build/lib/puzzlebot/submodules
[0.490s] copying puzzlebot/submodules/__init__.py -> /home/paolo/Autonomous-Robot/build/puzzlebot/build/lib/puzzlebot/submodules
[0.490s] copying puzzlebot/submodules/camera_utils.py -> /home/paolo/Autonomous-Robot/build/puzzlebot/build/lib/puzzlebot/submodules
[0.490s] copying puzzlebot/submodules/math_utils.py -> /home/paolo/Autonomous-Robot/build/puzzlebot/build/lib/puzzlebot/submodules
[0.490s] running install
[0.490s] running install_lib
[0.491s] creating /home/paolo/Autonomous-Robot/install/puzzlebot/lib/python3.10/site-packages/puzzlebot
[0.491s] copying /home/paolo/Autonomous-Robot/build/puzzlebot/build/lib/puzzlebot/__init__.py -> /home/paolo/Autonomous-Robot/install/puzzlebot/lib/python3.10/site-packages/puzzlebot
[0.491s] creating /home/paolo/Autonomous-Robot/install/puzzlebot/lib/python3.10/site-packages/puzzlebot/submodules
[0.491s] copying /home/paolo/Autonomous-Robot/build/puzzlebot/build/lib/puzzlebot/submodules/__init__.py -> /home/paolo/Autonomous-Robot/install/puzzlebot/lib/python3.10/site-packages/puzzlebot/submodules
[0.491s] copying /home/paolo/Autonomous-Robot/build/puzzlebot/build/lib/puzzlebot/submodules/camera_utils.py -> /home/paolo/Autonomous-Robot/install/puzzlebot/lib/python3.10/site-packages/puzzlebot/submodules
[0.491s] copying /home/paolo/Autonomous-Robot/build/puzzlebot/build/lib/puzzlebot/submodules/math_utils.py -> /home/paolo/Autonomous-Robot/install/puzzlebot/lib/python3.10/site-packages/puzzlebot/submodules
[0.491s] copying /home/paolo/Autonomous-Robot/build/puzzlebot/build/lib/puzzlebot/controller_node.py -> /home/paolo/Autonomous-Robot/install/puzzlebot/lib/python3.10/site-packages/puzzlebot
[0.491s] copying /home/paolo/Autonomous-Robot/build/puzzlebot/build/lib/puzzlebot/yolo_segmentation_node.py -> /home/paolo/Autonomous-Robot/install/puzzlebot/lib/python3.10/site-packages/puzzlebot
[0.491s] byte-compiling /home/paolo/Autonomous-Robot/install/puzzlebot/lib/python3.10/site-packages/puzzlebot/__init__.py to __init__.cpython-310.pyc
[0.491s] byte-compiling /home/paolo/Autonomous-Robot/install/puzzlebot/lib/python3.10/site-packages/puzzlebot/submodules/__init__.py to __init__.cpython-310.pyc
[0.491s] byte-compiling /home/paolo/Autonomous-Robot/install/puzzlebot/lib/python3.10/site-packages/puzzlebot/submodules/camera_utils.py to camera_utils.cpython-310.pyc
[0.491s] byte-compiling /home/paolo/Autonomous-Robot/install/puzzlebot/lib/python3.10/site-packages/puzzlebot/submodules/math_utils.py to math_utils.cpython-310.pyc
[0.491s] byte-compiling /home/paolo/Autonomous-Robot/install/puzzlebot/lib/python3.10/site-packages/puzzlebot/controller_node.py to controller_node.cpython-310.pyc
[0.492s] byte-compiling /home/paolo/Autonomous-Robot/install/puzzlebot/lib/python3.10/site-packages/puzzlebot/yolo_segmentation_node.py to yolo_segmentation_node.cpython-310.pyc
[0.492s] running install_data
[0.492s] creating /home/paolo/Autonomous-Robot/install/puzzlebot/share/ament_index
[0.492s] creating /home/paolo/Autonomous-Robot/install/puzzlebot/share/ament_index/resource_index
[0.492s] creating /home/paolo/Autonomous-Robot/install/puzzlebot/share/ament_index/resource_index/packages
[0.492s] copying resource/puzzlebot -> /home/paolo/Autonomous-Robot/install/puzzlebot/share/ament_index/resource_index/packages
[0.492s] copying package.xml -> /home/paolo/Autonomous-Robot/install/puzzlebot/share/puzzlebot
[0.492s] creating /home/paolo/Autonomous-Robot/install/puzzlebot/share/puzzlebot/launch
[0.493s] copying launch/puzzlebot_launch.py -> /home/paolo/Autonomous-Robot/install/puzzlebot/share/puzzlebot/launch
[0.493s] creating /home/paolo/Autonomous-Robot/install/puzzlebot/share/puzzlebot/config
[0.493s] copying config/controller_node_params.yaml -> /home/paolo/Autonomous-Robot/install/puzzlebot/share/puzzlebot/config
[0.493s] running install_egg_info
[0.493s] Copying ../../../build/puzzlebot/puzzlebot.egg-info to /home/paolo/Autonomous-Robot/install/puzzlebot/lib/python3.10/site-packages/puzzlebot-0.0.0-py3.10.egg-info
[0.494s] running install_scripts
[0.506s] Installing yolo_segmentation_node script to /home/paolo/Autonomous-Robot/install/puzzlebot/lib/puzzlebot
[0.506s] writing list of installed files to '/home/paolo/Autonomous-Robot/build/puzzlebot/install.log'
[0.518s] Invoked command in '/home/paolo/Autonomous-Robot/puzzlebot_ws/src/puzzlebot' returned '0': PYTHONPATH=/home/paolo/Autonomous-Robot/build/puzzlebot/prefix_override:/home/paolo/Autonomous-Robot/install/puzzlebot/lib/python3.10/site-packages:${PYTHONPATH} /usr/bin/python3 -W ignore:setup.py install is deprecated setup.py egg_info --egg-base ../../../build/puzzlebot build --build-base /home/paolo/Autonomous-Robot/build/puzzlebot/build install --record /home/paolo/Autonomous-Robot/build/puzzlebot/install.log --single-version-externally-managed install_data
