/home/paolo/Autonomous-Robot/install/puzzlebot/lib/python3.10/site-packages/puzzlebot/__init__.py
/home/paolo/Autonomous-Robot/install/puzzlebot/lib/python3.10/site-packages/puzzlebot/controller_node.py
/home/paolo/Autonomous-Robot/install/puzzlebot/lib/python3.10/site-packages/puzzlebot/yolo_segmentation_node.py
/home/paolo/Autonomous-Robot/install/puzzlebot/lib/python3.10/site-packages/puzzlebot/submodules/__init__.py
/home/paolo/Autonomous-Robot/install/puzzlebot/lib/python3.10/site-packages/puzzlebot/submodules/camera_utils.py
/home/paolo/Autonomous-Robot/install/puzzlebot/lib/python3.10/site-packages/puzzlebot/submodules/math_utils.py
/home/paolo/Autonomous-Robot/install/puzzlebot/lib/python3.10/site-packages/puzzlebot/__pycache__/__init__.cpython-310.pyc
/home/paolo/Autonomous-Robot/install/puzzlebot/lib/python3.10/site-packages/puzzlebot/__pycache__/controller_node.cpython-310.pyc
/home/paolo/Autonomous-Robot/install/puzzlebot/lib/python3.10/site-packages/puzzlebot/__pycache__/yolo_segmentation_node.cpython-310.pyc
/home/paolo/Autonomous-Robot/install/puzzlebot/lib/python3.10/site-packages/puzzlebot/submodules/__pycache__/__init__.cpython-310.pyc
/home/paolo/Autonomous-Robot/install/puzzlebot/lib/python3.10/site-packages/puzzlebot/submodules/__pycache__/camera_utils.cpython-310.pyc
/home/paolo/Autonomous-Robot/install/puzzlebot/lib/python3.10/site-packages/puzzlebot/submodules/__pycache__/math_utils.cpython-310.pyc
/home/paolo/Autonomous-Robot/install/puzzlebot/share/ament_index/resource_index/packages/puzzlebot
/home/paolo/Autonomous-Robot/install/puzzlebot/share/puzzlebot/package.xml
/home/paolo/Autonomous-Robot/install/puzzlebot/share/puzzlebot/launch/puzzlebot_launch.py
/home/paolo/Autonomous-Robot/install/puzzlebot/share/puzzlebot/config/controller_node_params.yaml
/home/paolo/Autonomous-Robot/install/puzzlebot/lib/python3.10/site-packages/puzzlebot-0.0.0-py3.10.egg-info/zip-safe
/home/paolo/Autonomous-Robot/install/puzzlebot/lib/python3.10/site-packages/puzzlebot-0.0.0-py3.10.egg-info/SOURCES.txt
/home/paolo/Autonomous-Robot/install/puzzlebot/lib/python3.10/site-packages/puzzlebot-0.0.0-py3.10.egg-info/entry_points.txt
/home/paolo/Autonomous-Robot/install/puzzlebot/lib/python3.10/site-packages/puzzlebot-0.0.0-py3.10.egg-info/dependency_links.txt
/home/paolo/Autonomous-Robot/install/puzzlebot/lib/python3.10/site-packages/puzzlebot-0.0.0-py3.10.egg-info/requires.txt
/home/paolo/Autonomous-Robot/install/puzzlebot/lib/python3.10/site-packages/puzzlebot-0.0.0-py3.10.egg-info/PKG-INFO
/home/paolo/Autonomous-Robot/install/puzzlebot/lib/python3.10/site-packages/puzzlebot-0.0.0-py3.10.egg-info/top_level.txt
/home/paolo/Autonomous-Robot/install/puzzlebot/lib/puzzlebot/yolo_segmentation_node
